<?xml version="1.0" encoding="UTF-8"?>
<!-- Generated by org.testng.reporters.JUnitReportReporter -->
<testsuite hostname="DESKTOP-RHKVF14" failures="0" tests="20" name="test.ApiTest" time="42.840" errors="0" timestamp="2026-04-27T20:41:20 ICT" skipped="0">
  <testcase classname="test.ApiTest" name="runTest" time="1.492"/>
  <testcase classname="test.ApiTest" name="runTest" time="1.616"/>
  <testcase classname="test.ApiTest" name="runTest" time="1.667"/>
  <testcase classname="test.ApiTest" name="runTest" time="7.644"/>
  <testcase classname="test.ApiTest" name="runTest" time="1.624"/>
  <testcase classname="test.ApiTest" name="runTest" time="1.631"/>
  <testcase classname="test.ApiTest" name="runTest" time="1.641"/>
  <testcase classname="test.ApiTest" name="runTest" time="1.737"/>
  <testcase classname="test.ApiTest" name="runTest" time="1.530"/>
  <testcase classname="test.ApiTest" name="runTest" time="1.690"/>
  <testcase classname="test.ApiTest" name="runTest" time="1.702"/>
  <testcase classname="test.ApiTest" name="runTest" time="1.537"/>
  <testcase classname="test.ApiTest" name="runTest" time="1.537"/>
  <testcase classname="test.ApiTest" name="runTest" time="1.680"/>
  <testcase classname="test.ApiTest" name="runTest" time="4.860"/>
  <testcase classname="test.ApiTest" name="runTest" time="1.564"/>
  <testcase classname="test.ApiTest" name="runTest" time="1.532"/>
  <testcase classname="test.ApiTest" name="runTest" time="2.801"/>
  <testcase classname="test.ApiTest" name="runTest" time="1.792"/>
  <testcase classname="test.ApiTest" name="runTest" time="1.563"/>
</testsuite> <!-- test.ApiTest -->
