<?xml version="1.0" encoding="UTF-8"?>
<!-- Generated by org.testng.reporters.JUnitXMLReporter -->
<testsuite ignored="0" hostname="DESKTOP-RHKVF14" failures="3" tests="4" name="Surefire test" time="11.02" errors="0" timestamp="2026-05-12T03:08:57 ICT">
  <testcase classname="test.ApiTest" name="runTest" time="5.162">
    <failure type="java.lang.AssertionError" message="PET13 | Expected: 200 | Actual: 404 | ErrorType: assertion_error">
      <![CDATA[java.lang.AssertionError: PET13 | Expected: 200 | Actual: 404 | ErrorType: assertion_error
at test.ApiTest.runTest(ApiTest.java:282)
at java.base/java.util.ArrayList.forEach(ArrayList.java:1597)
... Removed 30 stack frames]]>
    </failure>
  </testcase> <!-- runTest -->
  <testcase classname="test.ApiTest" name="runTest" time="1.494">
    <failure type="java.lang.AssertionError" message="PET04 | Expected: 400 | Actual: 404 | ErrorType: assertion_error">
      <![CDATA[java.lang.AssertionError: PET04 | Expected: 400 | Actual: 404 | ErrorType: assertion_error
at test.ApiTest.runTest(ApiTest.java:282)
at java.base/java.util.ArrayList.forEach(ArrayList.java:1597)
... Removed 30 stack frames]]>
    </failure>
  </testcase> <!-- runTest -->
  <testcase classname="test.ApiTest" name="runTest" time="1.399"/>
  <testcase classname="test.ApiTest" name="runTest" time="1.388">
    <failure type="java.lang.AssertionError" message="PET06 | Expected: 404 | Actual: 200 | ErrorType: assertion_error">
      <![CDATA[java.lang.AssertionError: PET06 | Expected: 404 | Actual: 200 | ErrorType: assertion_error
at test.ApiTest.runTest(ApiTest.java:282)
at java.base/java.util.ArrayList.forEach(ArrayList.java:1597)
... Removed 30 stack frames]]>
    </failure>
  </testcase> <!-- runTest -->
</testsuite> <!-- Surefire test -->
