<?xml version="1.0" encoding="UTF-8"?>
<!-- Generated by org.testng.reporters.JUnitXMLReporter -->
<testsuite ignored="0" hostname="DESKTOP-RHKVF14" failures="1" tests="1" name="Surefire test" time="5.999" errors="0" timestamp="2026-05-07T08:52:30 ICT">
  <testcase classname="test.ApiTest" name="runTest" time="5.515">
    <failure type="java.lang.AssertionError" message="USER04 | Expected: 200 | Actual: 404 | ErrorType: assertion_error">
      <![CDATA[java.lang.AssertionError: USER04 | Expected: 200 | Actual: 404 | ErrorType: assertion_error
at test.ApiTest.runTest(ApiTest.java:148)
at java.base/java.util.ArrayList.forEach(ArrayList.java:1597)
... Removed 30 stack frames]]>
    </failure>
  </testcase> <!-- runTest -->
</testsuite> <!-- Surefire test -->
