-------------------------------------------------------------------------------
Test set: test.ApiTest
-------------------------------------------------------------------------------
Tests run: 1, Failures: 1, Errors: 0, Skipped: 0, Time elapsed: 6.862 s <<< FAILURE! - in test.ApiTest
test.ApiTest.runTest[model.TestCase@1d3ac898](1)  Time elapsed: 5.421 s  <<< FAILURE!
java.lang.AssertionError: USER04 | Expected: 200 | Actual: 404 | ErrorType: assertion_error
	at test.ApiTest.runTest(ApiTest.java:148)

