<?xml version="1.0" encoding="UTF-8"?>
<testsuite xmlns:xsi="http://www.w3.org/2001/XMLSchema-instance" xsi:noNamespaceSchemaLocation="https://maven.apache.org/surefire/maven-surefire-plugin/xsd/surefire-test-report-3.0.xsd" version="3.0" name="test.ApiTest" time="44.488" tests="20" errors="0" skipped="0" failures="0">
  <properties>
[...]
</properties>
  <testcase name="runTest[model.TestCase@604f2bd2](1)" classname="test.ApiTest" time="7.584">
    <system-out><![CDATA[TC01 | Expected: 200 | Actual: 200 | Passed: true
]]></system-out>
    <system-err><![CDATA[SLF4J: Failed to load class "org.slf4j.impl.StaticLoggerBinder".
SLF4J: Defaulting to no-operation (NOP) logger implementation
SLF4J: See http://www.slf4j.org/codes.html#StaticLoggerBinder for further details.
]]></system-err>
  </testcase>
  <testcase name="runTest[model.TestCase@4b8137c5](2)" classname="test.ApiTest" time="1.563">
    <system-out><![CDATA[TC02 | Expected: 200 | Actual: 404 | Passed: false
]]></system-out>
  </testcase>
  <testcase name="runTest[model.TestCase@4538856f](3)" classname="test.ApiTest" time="1.625">
    <system-out><![CDATA[TC03 | Expected: 200 | Actual: 404 | Passed: false
]]></system-out>
  </testcase>
  <testcase name="runTest[model.TestCase@348137e8](4)" classname="test.ApiTest" time="1.694">
    <system-out><![CDATA[TC04 | Expected: 200 | Actual: 200 | Passed: true
]]></system-out>
  </testcase>
  <testcase name="runTest[model.TestCase@5bcec67e](5)" classname="test.ApiTest" time="1.793">
    <system-out><![CDATA[TC05 | Expected: 200 | Actual: 404 | Passed: false
]]></system-out>
  </testcase>
  <testcase name="runTest[model.TestCase@623e0631](6)" classname="test.ApiTest" time="1.492">
    <system-out><![CDATA[TC06 | Expected: 200 | Actual: 200 | Passed: true
]]></system-out>
  </testcase>
  <testcase name="runTest[model.TestCase@4a058df8](7)" classname="test.ApiTest" time="1.529">
    <system-out><![CDATA[TC07 | Expected: 200 | Actual: 200 | Passed: true
]]></system-out>
  </testcase>
  <testcase name="runTest[model.TestCase@195580ba](8)" classname="test.ApiTest" time="1.68">
    <system-out><![CDATA[TC08 | Expected: 200 | Actual: 200 | Passed: true
]]></system-out>
  </testcase>
  <testcase name="runTest[model.TestCase@43da0955](9)" classname="test.ApiTest" time="4.861">
    <system-out><![CDATA[TC09 | Expected: 200 | Actual: 404 | Passed: false
]]></system-out>
  </testcase>
  <testcase name="runTest[model.TestCase@72ce812e](10)" classname="test.ApiTest" time="1.626">
    <system-out><![CDATA[TC10 | Expected: 200 | Actual: 200 | Passed: true
]]></system-out>
  </testcase>
  <testcase name="runTest[model.TestCase@b14b60a](11)" classname="test.ApiTest" time="1.562">
    <system-out><![CDATA[TC11 | Expected: 200 | Actual: 200 | Passed: true
]]></system-out>
  </testcase>
  <testcase name="runTest[model.TestCase@9fe720a](12)" classname="test.ApiTest" time="1.533">
    <system-out><![CDATA[TC12 | Expected: 200 | Actual: 200 | Passed: true
]]></system-out>
  </testcase>
  <testcase name="runTest[model.TestCase@68ea253b](13)" classname="test.ApiTest" time="1.54">
    <system-out><![CDATA[TC13 | Expected: 400 | Actual: 404 | Passed: false
]]></system-out>
  </testcase>
  <testcase name="runTest[model.TestCase@56a4abd0](14)" classname="test.ApiTest" time="1.731">
    <system-out><![CDATA[TC14 | Expected: 404 | Actual: 200 | Passed: false
]]></system-out>
  </testcase>
  <testcase name="runTest[model.TestCase@4b9dbf07](15)" classname="test.ApiTest" time="1.54">
    <system-out><![CDATA[TC15 | Expected: 400 | Actual: 404 | Passed: false
]]></system-out>
  </testcase>
  <testcase name="runTest[model.TestCase@36224f93](16)" classname="test.ApiTest" time="1.642">
    <system-out><![CDATA[TC16 | Expected: 400 | Actual: 415 | Passed: false
]]></system-out>
  </testcase>
  <testcase name="runTest[model.TestCase@de77146](17)" classname="test.ApiTest" time="1.615">
    <system-out><![CDATA[TC17 | Expected: 415 | Actual: 415 | Passed: true
]]></system-out>
  </testcase>
  <testcase name="runTest[model.TestCase@4a2bf50f](18)" classname="test.ApiTest" time="1.707">
    <system-out><![CDATA[TC18 | Expected: 400 | Actual: 404 | Passed: false
]]></system-out>
  </testcase>
  <testcase name="runTest[model.TestCase@5bfc79cb](19)" classname="test.ApiTest" time="1.662">
    <system-out><![CDATA[TC19 | Expected: 404 | Actual: 404 | Passed: true
]]></system-out>
  </testcase>
  <testcase name="runTest[model.TestCase@5fd43e58](20)" classname="test.ApiTest" time="2.8">
    <system-out><![CDATA[TC20 | Expected: 404 | Actual: 404 | Passed: true
]]></system-out>
  </testcase>
</testsuite>