<?xml version="1.0" encoding="UTF-8"?>
<testsuite xmlns:xsi="http://www.w3.org/2001/XMLSchema-instance" xsi:noNamespaceSchemaLocation="https://maven.apache.org/surefire/maven-surefire-plugin/xsd/surefire-test-report-3.0.xsd" version="3.0" name="test.ApiTest" time="34.086" tests="20" errors="0" skipped="0" failures="5">
  <properties>
[...]
</properties>
  <testcase name="runTest[model.TestCase@604f2bd2](1)" classname="test.ApiTest" time="4.478">
    <system-out><![CDATA[USER01 | Expected: 200 | Actual: 200 | Passed: true
]]></system-out>
    <system-err><![CDATA[SLF4J: Failed to load class "org.slf4j.impl.StaticLoggerBinder".
SLF4J: Defaulting to no-operation (NOP) logger implementation
SLF4J: See http://www.slf4j.org/codes.html#StaticLoggerBinder for further details.
]]></system-err>
  </testcase>
  <testcase name="runTest[model.TestCase@627ff1b8](2)" classname="test.ApiTest" time="1.534">
    <system-out><![CDATA[USER02 | Expected: 200 | Actual: 200 | Passed: true
]]></system-out>
  </testcase>
  <testcase name="runTest[model.TestCase@7c1a8f0f](3)" classname="test.ApiTest" time="1.432">
    <system-out><![CDATA[USER03 | Expected: 200 | Actual: 200 | Passed: true
]]></system-out>
  </testcase>
  <testcase name="runTest[model.TestCase@33f2cfda](4)" classname="test.ApiTest" time="1.337">
    <system-out><![CDATA[USER04 | Expected: 200 | Actual: 200 | Passed: true
]]></system-out>
  </testcase>
  <testcase name="runTest[model.TestCase@776015fc](5)" classname="test.ApiTest" time="1.375">
    <system-out><![CDATA[USER05 | Expected: 200 | Actual: 200 | Passed: true
]]></system-out>
  </testcase>
  <testcase name="runTest[model.TestCase@7f3ca64a](6)" classname="test.ApiTest" time="1.346">
    <system-out><![CDATA[USER06 | Expected: 200 | Actual: 200 | Passed: true
]]></system-out>
  </testcase>
  <testcase name="runTest[model.TestCase@5d5c41e5](7)" classname="test.ApiTest" time="1.4">
    <system-out><![CDATA[USER07 | Expected: 200 | Actual: 200 | Passed: true
]]></system-out>
  </testcase>
  <testcase name="runTest[model.TestCase@2eada095](8)" classname="test.ApiTest" time="1.387">
    <system-out><![CDATA[USER08 | Expected: 200 | Actual: 200 | Passed: true
]]></system-out>
  </testcase>
  <testcase name="runTest[model.TestCase@443a53df](9)" classname="test.ApiTest" time="1.372">
    <system-out><![CDATA[USER09 | Expected: 200 | Actual: 200 | Passed: true
]]></system-out>
  </testcase>
  <testcase name="runTest[model.TestCase@49fdbe2b](10)" classname="test.ApiTest" time="1.393">
    <system-out><![CDATA[USER10 | Expected: 200 | Actual: 200 | Passed: true
]]></system-out>
  </testcase>
  <testcase name="runTest[model.TestCase@2dd1086](11)" classname="test.ApiTest" time="1.322">
    <system-out><![CDATA[USER11 | Expected: 404 | Actual: 404 | Passed: true
]]></system-out>
  </testcase>
  <testcase name="runTest[model.TestCase@3830f918](12)" classname="test.ApiTest" time="1.367">
    <system-out><![CDATA[USER12 | Expected: 404 | Actual: 404 | Passed: true
]]></system-out>
  </testcase>
  <testcase name="runTest[model.TestCase@60bf494c](13)" classname="test.ApiTest" time="1.582">
    <failure message="USER13 | Expected: 404 | Actual: 405 | ErrorType: invalid_test_data" type="java.lang.AssertionError"><![CDATA[java.lang.AssertionError: USER13 | Expected: 404 | Actual: 405 | ErrorType: invalid_test_data
	at test.ApiTest.runTest(ApiTest.java:148)
]]></failure>
    <system-out><![CDATA[USER13 | Expected: 404 | Actual: 405 | Passed: false
]]></system-out>
  </testcase>
  <testcase name="runTest[model.TestCase@2313db84](14)" classname="test.ApiTest" time="1.36">
    <system-out><![CDATA[USER14 | Expected: 415 | Actual: 415 | Passed: true
]]></system-out>
  </testcase>
  <testcase name="runTest[model.TestCase@132e3594](15)" classname="test.ApiTest" time="1.381">
    <system-out><![CDATA[USER15 | Expected: 415 | Actual: 415 | Passed: true
]]></system-out>
  </testcase>
  <testcase name="runTest[model.TestCase@78d73b1b](16)" classname="test.ApiTest" time="1.369">
    <failure message="USER16 | Expected: 400 | Actual: 200 | ErrorType: assertion_error" type="java.lang.AssertionError"><![CDATA[java.lang.AssertionError: USER16 | Expected: 400 | Actual: 200 | ErrorType: assertion_error
	at test.ApiTest.runTest(ApiTest.java:148)
]]></failure>
    <system-out><![CDATA[USER16 | Expected: 400 | Actual: 200 | Passed: false
]]></system-out>
  </testcase>
  <testcase name="runTest[model.TestCase@5fb54740](17)" classname="test.ApiTest" time="2.157">
    <system-out><![CDATA[USER17 | Expected: 400 | Actual: 400 | Passed: true
]]></system-out>
  </testcase>
  <testcase name="runTest[model.TestCase@c9b5a99](18)" classname="test.ApiTest" time="1.339">
    <failure message="USER18 | Expected: 400 | Actual: 404 | ErrorType: invalid_test_data" type="java.lang.AssertionError"><![CDATA[java.lang.AssertionError: USER18 | Expected: 400 | Actual: 404 | ErrorType: invalid_test_data
	at test.ApiTest.runTest(ApiTest.java:148)
]]></failure>
    <system-out><![CDATA[USER18 | Expected: 400 | Actual: 404 | Passed: false
]]></system-out>
  </testcase>
  <testcase name="runTest[model.TestCase@9785903](19)" classname="test.ApiTest" time="1.435">
    <failure message="USER19 | Expected: 400 | Actual: 405 | ErrorType: invalid_test_data" type="java.lang.AssertionError"><![CDATA[java.lang.AssertionError: USER19 | Expected: 400 | Actual: 405 | ErrorType: invalid_test_data
	at test.ApiTest.runTest(ApiTest.java:148)
]]></failure>
    <system-out><![CDATA[USER19 | Expected: 400 | Actual: 405 | Passed: false
]]></system-out>
  </testcase>
  <testcase name="runTest[model.TestCase@2c47a053](20)" classname="test.ApiTest" time="1.85">
    <failure message="USER20 | Expected: 400 | Actual: 404 | ErrorType: invalid_test_data" type="java.lang.AssertionError"><![CDATA[java.lang.AssertionError: USER20 | Expected: 400 | Actual: 404 | ErrorType: invalid_test_data
	at test.ApiTest.runTest(ApiTest.java:148)
]]></failure>
    <system-out><![CDATA[USER20 | Expected: 400 | Actual: 404 | Passed: false
]]></system-out>
  </testcase>
</testsuite>