<?xml version="1.0" encoding="UTF-8"?>
<testng-results ignored="0" total="20" passed="20" failed="0" skipped="0">
  <reporter-output>
  </reporter-output>
  <suite started-at="2026-04-27T20:40:36 ICT" name="Surefire suite" finished-at="2026-04-27T20:41:19 ICT" duration-ms="43375">
    <groups>
    </groups>
    <test started-at="2026-04-27T20:40:36 ICT" name="Surefire test" finished-at="2026-04-27T20:41:19 ICT" duration-ms="43375">
      <class name="test.ApiTest">
        <test-method signature="runTest(model.TestCase)[pri:0, instance:test.ApiTest@6f46426d]" started-at="2026-04-27T20:40:36 ICT" name="runTest" data-provider="api-data" finished-at="2026-04-27T20:40:44 ICT" duration-ms="7644" status="PASS">
          <params>
            <param index="0">
              <value>
                <![CDATA[model.TestCase@604f2bd2]]>
              </value>
            </param>
          </params>
          <reporter-output>
          </reporter-output>
        </test-method> <!-- runTest -->
        <test-method signature="runTest(model.TestCase)[pri:0, instance:test.ApiTest@6f46426d]" started-at="2026-04-27T20:40:44 ICT" name="runTest" data-provider="api-data" finished-at="2026-04-27T20:40:46 ICT" duration-ms="1564" status="PASS">
          <params>
            <param index="0">
              <value>
                <![CDATA[model.TestCase@4b8137c5]]>
              </value>
            </param>
          </params>
          <reporter-output>
          </reporter-output>
        </test-method> <!-- runTest -->
        <test-method signature="runTest(model.TestCase)[pri:0, instance:test.ApiTest@6f46426d]" started-at="2026-04-27T20:40:46 ICT" name="runTest" data-provider="api-data" finished-at="2026-04-27T20:40:47 ICT" duration-ms="1624" status="PASS">
          <params>
            <param index="0">
              <value>
                <![CDATA[model.TestCase@4538856f]]>
              </value>
            </param>
          </params>
          <reporter-output>
          </reporter-output>
        </test-method> <!-- runTest -->
        <test-method signature="runTest(model.TestCase)[pri:0, instance:test.ApiTest@6f46426d]" started-at="2026-04-27T20:40:47 ICT" name="runTest" data-provider="api-data" finished-at="2026-04-27T20:40:49 ICT" duration-ms="1690" status="PASS">
          <params>
            <param index="0">
              <value>
                <![CDATA[model.TestCase@348137e8]]>
              </value>
            </param>
          </params>
          <reporter-output>
          </reporter-output>
        </test-method> <!-- runTest -->
        <test-method signature="runTest(model.TestCase)[pri:0, instance:test.ApiTest@6f46426d]" started-at="2026-04-27T20:40:49 ICT" name="runTest" data-provider="api-data" finished-at="2026-04-27T20:40:51 ICT" duration-ms="1792" status="PASS">
          <params>
            <param index="0">
              <value>
                <![CDATA[model.TestCase@5bcec67e]]>
              </value>
            </param>
          </params>
          <reporter-output>
          </reporter-output>
        </test-method> <!-- runTest -->
        <test-method signature="runTest(model.TestCase)[pri:0, instance:test.ApiTest@6f46426d]" started-at="2026-04-27T20:40:51 ICT" name="runTest" data-provider="api-data" finished-at="2026-04-27T20:40:52 ICT" duration-ms="1492" status="PASS">
          <params>
            <param index="0">
              <value>
                <![CDATA[model.TestCase@623e0631]]>
              </value>
            </param>
          </params>
          <reporter-output>
          </reporter-output>
        </test-method> <!-- runTest -->
        <test-method signature="runTest(model.TestCase)[pri:0, instance:test.ApiTest@6f46426d]" started-at="2026-04-27T20:40:52 ICT" name="runTest" data-provider="api-data" finished-at="2026-04-27T20:40:54 ICT" duration-ms="1530" status="PASS">
          <params>
            <param index="0">
              <value>
                <![CDATA[model.TestCase@4a058df8]]>
              </value>
            </param>
          </params>
          <reporter-output>
          </reporter-output>
        </test-method> <!-- runTest -->
        <test-method signature="runTest(model.TestCase)[pri:0, instance:test.ApiTest@6f46426d]" started-at="2026-04-27T20:40:54 ICT" name="runTest" data-provider="api-data" finished-at="2026-04-27T20:40:55 ICT" duration-ms="1680" status="PASS">
          <params>
            <param index="0">
              <value>
                <![CDATA[model.TestCase@195580ba]]>
              </value>
            </param>
          </params>
          <reporter-output>
          </reporter-output>
        </test-method> <!-- runTest -->
        <test-method signature="runTest(model.TestCase)[pri:0, instance:test.ApiTest@6f46426d]" started-at="2026-04-27T20:40:55 ICT" name="runTest" data-provider="api-data" finished-at="2026-04-27T20:41:00 ICT" duration-ms="4860" status="PASS">
          <params>
            <param index="0">
              <value>
                <![CDATA[model.TestCase@43da0955]]>
              </value>
            </param>
          </params>
          <reporter-output>
          </reporter-output>
        </test-method> <!-- runTest -->
        <test-method signature="runTest(model.TestCase)[pri:0, instance:test.ApiTest@6f46426d]" started-at="2026-04-27T20:41:00 ICT" name="runTest" data-provider="api-data" finished-at="2026-04-27T20:41:02 ICT" duration-ms="1631" status="PASS">
          <params>
            <param index="0">
              <value>
                <![CDATA[model.TestCase@72ce812e]]>
              </value>
            </param>
          </params>
          <reporter-output>
          </reporter-output>
        </test-method> <!-- runTest -->
        <test-method signature="runTest(model.TestCase)[pri:0, instance:test.ApiTest@6f46426d]" started-at="2026-04-27T20:41:02 ICT" name="runTest" data-provider="api-data" finished-at="2026-04-27T20:41:03 ICT" duration-ms="1563" status="PASS">
          <params>
            <param index="0">
              <value>
                <![CDATA[model.TestCase@b14b60a]]>
              </value>
            </param>
          </params>
          <reporter-output>
          </reporter-output>
        </test-method> <!-- runTest -->
        <test-method signature="runTest(model.TestCase)[pri:0, instance:test.ApiTest@6f46426d]" started-at="2026-04-27T20:41:03 ICT" name="runTest" data-provider="api-data" finished-at="2026-04-27T20:41:05 ICT" duration-ms="1532" status="PASS">
          <params>
            <param index="0">
              <value>
                <![CDATA[model.TestCase@9fe720a]]>
              </value>
            </param>
          </params>
          <reporter-output>
          </reporter-output>
        </test-method> <!-- runTest -->
        <test-method signature="runTest(model.TestCase)[pri:0, instance:test.ApiTest@6f46426d]" started-at="2026-04-27T20:41:05 ICT" name="runTest" data-provider="api-data" finished-at="2026-04-27T20:41:06 ICT" duration-ms="1537" status="PASS">
          <params>
            <param index="0">
              <value>
                <![CDATA[model.TestCase@68ea253b]]>
              </value>
            </param>
          </params>
          <reporter-output>
          </reporter-output>
        </test-method> <!-- runTest -->
        <test-method signature="runTest(model.TestCase)[pri:0, instance:test.ApiTest@6f46426d]" started-at="2026-04-27T20:41:07 ICT" name="runTest" data-provider="api-data" finished-at="2026-04-27T20:41:08 ICT" duration-ms="1737" status="PASS">
          <params>
            <param index="0">
              <value>
                <![CDATA[model.TestCase@56a4abd0]]>
              </value>
            </param>
          </params>
          <reporter-output>
          </reporter-output>
        </test-method> <!-- runTest -->
        <test-method signature="runTest(model.TestCase)[pri:0, instance:test.ApiTest@6f46426d]" started-at="2026-04-27T20:41:08 ICT" name="runTest" data-provider="api-data" finished-at="2026-04-27T20:41:10 ICT" duration-ms="1537" status="PASS">
          <params>
            <param index="0">
              <value>
                <![CDATA[model.TestCase@4b9dbf07]]>
              </value>
            </param>
          </params>
          <reporter-output>
          </reporter-output>
        </test-method> <!-- runTest -->
        <test-method signature="runTest(model.TestCase)[pri:0, instance:test.ApiTest@6f46426d]" started-at="2026-04-27T20:41:10 ICT" name="runTest" data-provider="api-data" finished-at="2026-04-27T20:41:11 ICT" duration-ms="1641" status="PASS">
          <params>
            <param index="0">
              <value>
                <![CDATA[model.TestCase@36224f93]]>
              </value>
            </param>
          </params>
          <reporter-output>
          </reporter-output>
        </test-method> <!-- runTest -->
        <test-method signature="runTest(model.TestCase)[pri:0, instance:test.ApiTest@6f46426d]" started-at="2026-04-27T20:41:11 ICT" name="runTest" data-provider="api-data" finished-at="2026-04-27T20:41:13 ICT" duration-ms="1616" status="PASS">
          <params>
            <param index="0">
              <value>
                <![CDATA[model.TestCase@de77146]]>
              </value>
            </param>
          </params>
          <reporter-output>
          </reporter-output>
        </test-method> <!-- runTest -->
        <test-method signature="runTest(model.TestCase)[pri:0, instance:test.ApiTest@6f46426d]" started-at="2026-04-27T20:41:13 ICT" name="runTest" data-provider="api-data" finished-at="2026-04-27T20:41:15 ICT" duration-ms="1702" status="PASS">
          <params>
            <param index="0">
              <value>
                <![CDATA[model.TestCase@4a2bf50f]]>
              </value>
            </param>
          </params>
          <reporter-output>
          </reporter-output>
        </test-method> <!-- runTest -->
        <test-method signature="runTest(model.TestCase)[pri:0, instance:test.ApiTest@6f46426d]" started-at="2026-04-27T20:41:15 ICT" name="runTest" data-provider="api-data" finished-at="2026-04-27T20:41:16 ICT" duration-ms="1667" status="PASS">
          <params>
            <param index="0">
              <value>
                <![CDATA[model.TestCase@5bfc79cb]]>
              </value>
            </param>
          </params>
          <reporter-output>
          </reporter-output>
        </test-method> <!-- runTest -->
        <test-method signature="runTest(model.TestCase)[pri:0, instance:test.ApiTest@6f46426d]" started-at="2026-04-27T20:41:16 ICT" name="runTest" data-provider="api-data" finished-at="2026-04-27T20:41:19 ICT" duration-ms="2801" status="PASS">
          <params>
            <param index="0">
              <value>
                <![CDATA[model.TestCase@5fd43e58]]>
              </value>
            </param>
          </params>
          <reporter-output>
          </reporter-output>
        </test-method> <!-- runTest -->
        <test-method is-config="true" signature="summary()[pri:0, instance:test.ApiTest@6f46426d]" started-at="2026-04-27T20:41:19 ICT" name="summary" finished-at="2026-04-27T20:41:19 ICT" duration-ms="39" status="PASS">
          <reporter-output>
          </reporter-output>
        </test-method> <!-- summary -->
      </class> <!-- test.ApiTest -->
    </test> <!-- Surefire test -->
  </suite> <!-- Surefire suite -->
</testng-results>
